<?xml version="1.0" encoding="UTF-8"?>
<!-- Generated by org.testng.reporters.JUnitReportReporter -->
<testsuite hostname="Athira-PC" failures="0" tests="3" name="test.MalathyTest" time="73.249" errors="0" timestamp="2024-07-08T12:17:11 IST" skipped="0">
  <testcase classname="test.MalathyTest" name="test3" time="16.211"/>
  <testcase classname="test.MalathyTest" name="test" time="56.061"/>
  <testcase classname="test.MalathyTest" name="test2" time="0.977"/>
</testsuite> <!-- test.MalathyTest -->
